SF:lib/entities/recording_entity.dart
DA:33,3
LF:1
LH:1
end_of_record
SF:lib/utilities/id_generator.dart
DA:4,3
DA:5,3
DA:7,3
DA:8,3
DA:9,3
DA:11,6
DA:12,6
DA:13,3
DA:15,3
LF:9
LH:9
end_of_record
SF:lib/view_models/recording_view_model.dart
DA:43,1
DA:45,3
DA:46,0
DA:48,1
DA:49,1
DA:52,1
DA:53,1
DA:56,1
DA:57,1
DA:60,1
DA:62,2
DA:63,0
DA:65,2
DA:68,2
DA:69,1
DA:71,1
DA:81,2
DA:82,1
DA:85,1
DA:86,2
DA:88,2
DA:89,1
DA:91,1
DA:93,1
DA:96,1
DA:97,1
DA:98,1
DA:101,3
DA:103,3
DA:104,0
DA:105,0
DA:106,0
DA:107,0
DA:108,0
DA:109,0
DA:110,0
DA:111,0
DA:112,0
DA:113,0
DA:114,0
DA:115,0
DA:117,0
DA:119,1
DA:122,1
DA:123,1
DA:124,1
DA:127,1
DA:128,1
DA:129,1
DA:131,1
DA:133,1
DA:136,1
DA:137,1
DA:138,1
DA:141,1
DA:142,3
DA:143,2
DA:144,2
DA:145,2
DA:146,2
DA:147,2
DA:148,2
DA:149,1
DA:150,1
DA:153,1
DA:154,1
DA:156,2
DA:157,1
DA:158,1
DA:159,3
DA:161,5
DA:163,1
DA:164,4
DA:165,2
DA:166,0
DA:168,1
DA:171,1
DA:174,3
DA:175,2
DA:176,3
DA:178,3
DA:179,2
DA:180,3
DA:182,1
DA:185,1
DA:186,1
DA:189,2
DA:190,1
DA:191,3
DA:195,2
DA:196,1
DA:197,2
DA:198,2
DA:199,1
DA:200,1
DA:202,3
DA:203,8
DA:205,1
DA:206,3
DA:209,10
DA:210,1
DA:213,1
DA:214,2
DA:215,0
DA:216,0
DA:217,0
DA:218,0
LF:107
LH:87
end_of_record
SF:lib/utilities/dependencies.dart
DA:8,12
DA:10,4
DA:12,8
DA:13,12
DA:17,9
DA:18,3
DA:19,4
DA:22,8
DA:23,2
DA:24,4
LF:10
LH:10
end_of_record
SF:lib/views/history_view.dart
DA:10,1
DA:12,1
DA:13,1
DA:18,1
DA:20,1
DA:21,3
DA:22,1
DA:23,1
DA:38,1
DA:39,1
DA:42,1
DA:43,2
DA:44,1
DA:45,2
DA:46,5
DA:53,1
DA:54,1
DA:56,1
DA:58,1
DA:59,2
DA:60,1
DA:61,1
DA:63,1
DA:64,3
DA:65,3
DA:66,4
DA:67,4
DA:68,4
DA:69,4
DA:70,4
DA:71,4
DA:72,4
LF:32
LH:32
end_of_record
SF:lib/views/recording_view.dart
DA:11,1
DA:13,1
DA:14,1
DA:19,1
DA:21,1
DA:22,2
DA:24,1
DA:25,1
DA:26,1
DA:40,1
DA:41,1
DA:44,1
DA:46,1
DA:48,1
DA:49,1
DA:50,1
DA:51,1
DA:57,1
DA:58,1
DA:60,1
DA:61,1
DA:62,1
DA:65,1
DA:70,1
DA:74,1
DA:76,2
DA:80,1
DA:81,1
DA:83,1
DA:88,1
DA:89,1
DA:91,2
DA:92,1
DA:96,1
DA:100,1
DA:101,1
DA:102,1
DA:103,1
DA:111,1
DA:112,1
DA:115,1
DA:116,1
DA:117,2
DA:118,2
DA:122,1
DA:125,1
DA:126,1
DA:128,1
DA:129,2
DA:133,1
DA:136,1
DA:137,1
DA:138,1
DA:139,1
DA:140,2
DA:144,1
DA:147,1
DA:148,1
DA:149,2
DA:150,2
DA:154,1
DA:157,1
DA:158,1
DA:159,2
DA:160,2
DA:164,1
DA:167,1
DA:168,1
DA:169,2
DA:170,2
DA:188,1
DA:189,1
DA:190,1
DA:191,1
DA:192,1
DA:195,1
DA:196,1
DA:197,1
DA:199,1
DA:200,1
DA:201,1
DA:205,1
DA:206,0
DA:208,0
DA:209,0
DA:222,1
DA:223,1
DA:224,1
DA:225,1
DA:226,1
DA:228,1
DA:229,1
DA:230,1
DA:231,1
DA:233,1
LF:95
LH:92
end_of_record
SF:lib/database.g.dart
DA:13,4
DA:14,4
DA:19,0
DA:20,0
DA:24,4
DA:33,0
DA:34,0
DA:39,0
DA:40,0
DA:45,4
DA:46,4
DA:47,12
DA:49,4
DA:50,5
DA:52,4
DA:53,4
DA:60,4
DA:61,8
DA:66,4
DA:71,4
DA:73,1
DA:74,1
DA:75,0
DA:77,1
DA:78,0
DA:80,0
DA:81,0
DA:84,0
DA:86,0
DA:87,0
DA:90,0
DA:93,8
DA:96,1
DA:98,4
DA:103,1
DA:106,1
DA:107,1
DA:110,0
DA:111,0
DA:112,0
DA:114,0
DA:115,0
DA:116,0
DA:117,0
DA:118,0
DA:119,0
DA:120,0
DA:121,0
DA:122,0
DA:125,1
DA:128,1
DA:129,0
DA:130,0
DA:131,0
DA:133,0
DA:134,0
DA:135,0
DA:136,0
DA:137,0
DA:138,0
DA:139,0
DA:140,0
DA:141,0
DA:144,1
DA:147,1
DA:148,0
DA:149,0
DA:150,0
DA:152,0
DA:153,0
DA:154,0
DA:155,0
DA:156,0
DA:157,0
DA:158,0
DA:159,0
DA:160,0
DA:176,0
DA:178,0
DA:179,0
DA:180,0
DA:181,0
DA:182,0
DA:183,0
DA:184,0
DA:185,0
DA:186,0
DA:187,0
DA:188,0
DA:189,0
DA:190,0
DA:193,0
DA:195,0
DA:197,0
DA:198,0
DA:199,0
DA:200,0
DA:201,0
DA:202,0
DA:203,0
DA:204,0
DA:205,0
DA:206,0
DA:207,0
DA:208,0
DA:209,0
DA:214,0
DA:216,0
DA:220,0
DA:222,0
DA:225,0
DA:227,0
DA:232,0
LF:113
LH:27
end_of_record
SF:lib/utilities/datetime_converter.dart
DA:4,0
DA:6,0
DA:9,0
DA:11,0
LF:4
LH:0
end_of_record
SF:lib/utilities/unit_converter.dart
DA:1,2
DA:2,2
DA:3,2
DA:4,4
DA:5,4
DA:7,4
DA:8,4
DA:9,4
DA:11,2
DA:14,2
DA:15,4
DA:18,2
DA:19,4
DA:22,2
DA:23,4
LF:15
LH:15
end_of_record
SF:lib/views/scaffold_nav_bar_view.dart
DA:8,1
DA:14,1
DA:15,1
DA:52,1
DA:54,1
DA:56,1
DA:57,3
DA:58,1
DA:62,2
DA:67,0
DA:68,0
DA:70,3
DA:72,0
DA:74,0
DA:82,0
DA:83,0
DA:84,0
DA:85,0
DA:87,0
DA:88,0
DA:90,0
DA:97,1
DA:102,0
LF:23
LH:11
end_of_record
SF:lib/views/login_view.dart
DA:6,1
DA:8,1
DA:9,1
DA:18,1
DA:20,3
DA:21,2
DA:22,2
DA:24,2
DA:25,1
DA:27,1
DA:28,2
DA:29,2
DA:30,2
DA:31,2
DA:36,1
DA:38,3
DA:39,2
DA:40,2
DA:43,1
DA:44,2
DA:45,2
DA:46,2
DA:47,2
DA:52,1
DA:54,1
DA:55,1
DA:57,1
DA:59,1
DA:63,1
DA:64,1
DA:71,1
DA:72,1
DA:80,1
DA:81,1
DA:84,1
DA:85,1
DA:88,1
DA:89,1
DA:91,1
DA:92,1
LF:40
LH:40
end_of_record
SF:lib/views/map_location_view.dart
DA:6,2
DA:8,1
DA:9,1
DA:19,1
DA:21,1
DA:22,1
DA:23,1
DA:28,0
DA:29,0
LF:9
LH:7
end_of_record
